<?xml version="1.0" encoding="UTF-8"?>
<!-- Generated by org.testng.reporters.JUnitReportReporter -->
<testsuite skipped="0" hostname="LAPTOP-F1V129N6" name="demoGit.DemoGitss" tests="1" failures="0" timestamp="2022-02-14T00:39:50 IST" time="0.044" errors="0">
  <testcase name="demoGit" time="0.044" classname="demoGit.DemoGitss"/>
  <system-out/>
</testsuite> <!-- demoGit.DemoGitss -->
